# JRE version: OpenJDK Runtime Environment (17.0.6) (build 17.0.6+0-b2043.56-10027231)
# Java VM: OpenJDK 64-Bit Server VM (17.0.6+0-b2043.56-10027231, mixed mode, tiered, compressed oops, compressed class ptrs, g1 gc, windows-amd64)
GC Precious Log:
 CPUs: 16 total, 16 available
 Memory: 16219M
 Large Page Support: Disabled
 NUMA Support: Disabled
 Compressed Oops: Enabled (32-bit)
 Heap Region Size: 1M
 Heap Min Capacity: 8M
 Heap Initial Capacity: 254M
 Heap Max Capacity: 2G
 Pre-touch: Disabled
 Parallel Workers: 13
 Concurrent Workers: 3
 Concurrent Refinement Workers: 13
 Periodic GC: Disabled
Heap:
 garbage-first heap   total 189440K, used 148147K [0x0000000080000000, 0x0000000100000000)
  region size 1024K, 63 young (64512K), 1 survivors (1024K)
 Metaspace       used 94244K, committed 94976K, reserved 1130496K
  class space    used 13030K, committed 13376K, reserved 1048576K
GC Heap History (20 events):
Event: 8.820 GC heap before
{Heap before GC invocations=22 (full 0):
 garbage-first heap   total 141312K, used 113701K [0x0000000080000000, 0x0000000100000000)
  region size 1024K, 56 young (57344K), 3 survivors (3072K)
 Metaspace       used 77216K, committed 77760K, reserved 1122304K
  class space    used 10366K, committed 10624K, reserved 1048576K
}
Event: 8.824 GC heap after
{Heap after GC invocations=23 (full 0):
 garbage-first heap   total 141312K, used 61672K [0x0000000080000000, 0x0000000100000000)
  region size 1024K, 6 young (6144K), 6 survivors (6144K)
 Metaspace       used 77216K, committed 77760K, reserved 1122304K
  class space    used 10366K, committed 10624K, reserved 1048576K
}
Event: 9.402 GC heap before
{Heap before GC invocations=23 (full 0):
 garbage-first heap   total 141312K, used 113896K [0x0000000080000000, 0x0000000100000000)
  region size 1024K, 57 young (58368K), 6 survivors (6144K)
 Metaspace       used 81490K, committed 82112K, reserved 1122304K
  class space    used 11142K, committed 11456K, reserved 1048576K
}
Event: 9.408 GC heap after
{Heap after GC invocations=24 (full 0):
 garbage-first heap   total 141312K, used 64107K [0x0000000080000000, 0x0000000100000000)
  region size 1024K, 5 young (5120K), 5 survivors (5120K)
 Metaspace       used 81490K, committed 82112K, reserved 1122304K
  class space    used 11142K, committed 11456K, reserved 1048576K
}
Event: 9.923 GC heap before
{Heap before GC invocations=24 (full 0):
 garbage-first heap   total 141312K, used 116331K [0x0000000080000000, 0x0000000100000000)
  region size 1024K, 56 young (57344K), 5 survivors (5120K)
 Metaspace       used 86075K, committed 86656K, reserved 1130496K
  class space    used 11834K, committed 12096K, reserved 1048576K
}
Event: 9.927 GC heap after
{Heap after GC invocations=25 (full 0):
 garbage-first heap   total 141312K, used 67023K [0x0000000080000000, 0x0000000100000000)
  region size 1024K, 6 young (6144K), 6 survivors (6144K)
 Metaspace       used 86075K, committed 86656K, reserved 1130496K
  class space    used 11834K, committed 12096K, reserved 1048576K
}
Event: 10.514 GC heap before
{Heap before GC invocations=25 (full 0):
 garbage-first heap   total 141312K, used 116175K [0x0000000080000000, 0x0000000100000000)
  region size 1024K, 54 young (55296K), 6 survivors (6144K)
 Metaspace       used 89965K, committed 90688K, reserved 1130496K
  class space    used 12340K, committed 12672K, reserved 1048576K
}
Event: 10.519 GC heap after
{Heap after GC invocations=26 (full 0):
 garbage-first heap   total 141312K, used 70964K [0x0000000080000000, 0x0000000100000000)
  region size 1024K, 7 young (7168K), 7 survivors (7168K)
 Metaspace       used 89965K, committed 90688K, reserved 1130496K
  class space    used 12340K, committed 12672K, reserved 1048576K
}
Event: 11.371 GC heap before
{Heap before GC invocations=26 (full 0):
 garbage-first heap   total 141312K, used 117044K [0x0000000080000000, 0x0000000100000000)
  region size 1024K, 52 young (53248K), 7 survivors (7168K)
 Metaspace       used 91125K, committed 91776K, reserved 1130496K
  class space    used 12550K, committed 12864K, reserved 1048576K
}
Event: 11.379 GC heap after
{Heap after GC invocations=27 (full 0):
 garbage-first heap   total 141312K, used 77818K [0x0000000080000000, 0x0000000100000000)
  region size 1024K, 7 young (7168K), 7 survivors (7168K)
 Metaspace       used 91125K, committed 91776K, reserved 1130496K
  class space    used 12550K, committed 12864K, reserved 1048576K
}
Event: 11.810 GC heap before
{Heap before GC invocations=28 (full 0):
 garbage-first heap   total 141312K, used 114682K [0x0000000080000000, 0x0000000100000000)
  region size 1024K, 44 young (45056K), 7 survivors (7168K)
 Metaspace       used 92540K, committed 93248K, reserved 1130496K
  class space    used 12890K, committed 13248K, reserved 1048576K
}
Event: 11.817 GC heap after
{Heap after GC invocations=29 (full 0):
 garbage-first heap   total 141312K, used 82026K [0x0000000080000000, 0x0000000100000000)
  region size 1024K, 4 young (4096K), 4 survivors (4096K)
 Metaspace       used 92540K, committed 93248K, reserved 1130496K
  class space    used 12890K, committed 13248K, reserved 1048576K
}
Event: 11.829 GC heap before
{Heap before GC invocations=29 (full 0):
 garbage-first heap   total 141312K, used 84074K [0x0000000080000000, 0x0000000100000000)
  region size 1024K, 6 young (6144K), 4 survivors (4096K)
 Metaspace       used 92543K, committed 93248K, reserved 1130496K
  class space    used 12890K, committed 13248K, reserved 1048576K
}
Event: 11.833 GC heap after
{Heap after GC invocations=30 (full 0):
 garbage-first heap   total 141312K, used 82087K [0x0000000080000000, 0x0000000100000000)
  region size 1024K, 1 young (1024K), 1 survivors (1024K)
 Metaspace       used 92543K, committed 93248K, reserved 1130496K
  class space    used 12890K, committed 13248K, reserved 1048576K
}
Event: 12.234 GC heap before
{Heap before GC invocations=30 (full 0):
 garbage-first heap   total 141312K, used 115879K [0x0000000080000000, 0x0000000100000000)
  region size 1024K, 35 young (35840K), 1 survivors (1024K)
 Metaspace       used 93000K, committed 93696K, reserved 1130496K
  class space    used 12927K, committed 13248K, reserved 1048576K
}
Event: 12.237 GC heap after
{Heap after GC invocations=31 (full 0):
 garbage-first heap   total 141312K, used 84146K [0x0000000080000000, 0x0000000100000000)
  region size 1024K, 3 young (3072K), 3 survivors (3072K)
 Metaspace       used 93000K, committed 93696K, reserved 1130496K
  class space    used 12927K, committed 13248K, reserved 1048576K
}
Event: 12.506 GC heap before
{Heap before GC invocations=32 (full 0):
 garbage-first heap   total 157696K, used 115890K [0x0000000080000000, 0x0000000100000000)
  region size 1024K, 35 young (35840K), 3 survivors (3072K)
 Metaspace       used 93251K, committed 93952K, reserved 1130496K
  class space    used 12938K, committed 13248K, reserved 1048576K
}
Event: 12.510 GC heap after
{Heap after GC invocations=33 (full 0):
 garbage-first heap   total 157696K, used 86413K [0x0000000080000000, 0x0000000100000000)
  region size 1024K, 3 young (3072K), 3 survivors (3072K)
 Metaspace       used 93251K, committed 93952K, reserved 1130496K
  class space    used 12938K, committed 13248K, reserved 1048576K
}
Event: 12.614 GC heap before
{Heap before GC invocations=33 (full 0):
 garbage-first heap   total 157696K, used 90509K [0x0000000080000000, 0x0000000100000000)
  region size 1024K, 7 young (7168K), 3 survivors (3072K)
 Metaspace       used 93496K, committed 94144K, reserved 1130496K
  class space    used 12964K, committed 13248K, reserved 1048576K
}
Event: 12.617 GC heap after
{Heap after GC invocations=34 (full 0):
 garbage-first heap   total 189440K, used 86707K [0x0000000080000000, 0x0000000100000000)
  region size 1024K, 1 young (1024K), 1 survivors (1024K)
 Metaspace       used 93496K, committed 94144K, reserved 1130496K
  class space    used 12964K, committed 13248K, reserved 1048576K
}

